java.lang.IllegalArgumentException: file C:\Program Files\sanae_data\image\sjf is not readable
	at net.mamoe.mirai.message.SendImageUtilsJvmKt__SendImageUtilsJvmKt.uploadAsImage(SendImageUtilsJvm.kt:85)
	at net.mamoe.mirai.message.SendImageUtilsJvmKt.uploadAsImage(Unknown Source)
	at net.mamoe.mirai.contact.ContactJavaFriendlyAPI$__uploadImageBlockingForJava__$$inlined$runBlocking$5.invokeSuspend(ContactJavaFriendlyAPI.kt:367)
	at kotlin.coroutines.jvm.internal.BaseContinuationImpl.resumeWith(ContinuationImpl.kt:33)
	at kotlinx.coroutines.DispatchedTask.run(DispatchedTask.kt:56)
	at kotlinx.coroutines.EventLoopImplBase.processNextEvent(EventLoop.common.kt:274)
	at kotlinx.coroutines.BlockingCoroutine.joinBlocking(Builders.kt:84)
	at kotlinx.coroutines.BuildersKt__BuildersKt.runBlocking(Builders.kt:59)
	at kotlinx.coroutines.BuildersKt.runBlocking(Unknown Source)
	at kotlinx.coroutines.BuildersKt__BuildersKt.runBlocking$default(Builders.kt:38)
	at kotlinx.coroutines.BuildersKt.runBlocking$default(Unknown Source)
	at net.mamoe.mirai.contact.ContactJavaFriendlyAPI$DefaultImpls.uploadImage(ContactJavaFriendlyAPI.kt:379)
	at net.mamoe.mirai.contact.Contact.uploadImage(Contact.kt:38)
	at com.meng.modules.DynamicWordStock.onGroupMessage(DynamicWordStock.java:47)
	at com.meng.modules.ModuleManager.onGroupMessage(ModuleManager.java:171)
	at com.meng.adapter.SJFRX.onReceive(SJFRX.java:75)
	at sun.reflect.GeneratedMethodAccessor12.invoke(Unknown Source)
	at sun.reflect.DelegatingMethodAccessorImpl.invoke(Unknown Source)
	at java.lang.reflect.Method.invoke(Unknown Source)
	at kotlin.reflect.jvm.internal.calls.CallerImpl$Method.callMethod(CallerImpl.kt:97)
	at kotlin.reflect.jvm.internal.calls.CallerImpl$Method$Instance.call(CallerImpl.kt:113)
	at kotlin.reflect.jvm.internal.KCallableImpl.call(KCallableImpl.kt:108)
	at net.mamoe.mirai.event.internal.EventInternalJvmKt$registerEvent$5$2.invokeSuspend(EventInternalJvm.kt:99)
	at kotlin.coroutines.jvm.internal.BaseContinuationImpl.resumeWith(ContinuationImpl.kt:33)
	at kotlinx.coroutines.DispatchedTask.run(DispatchedTask.kt:56)
	at kotlinx.coroutines.scheduling.CoroutineScheduler.runSafely(CoroutineScheduler.kt:571)
	at kotlinx.coroutines.scheduling.CoroutineScheduler$Worker.executeTask(CoroutineScheduler.kt:738)
	at kotlinx.coroutines.scheduling.CoroutineScheduler$Worker.runWorker(CoroutineScheduler.kt:678)
	at kotlinx.coroutines.scheduling.CoroutineScheduler$Worker.run(CoroutineScheduler.kt:665)
